TN:
SF:/home/federico/Documents/CircleOfAngels/circle-of-angels-backend/config/configs.js
FNF:0
FNH:0
DA:1,1
DA:6,1
DA:25,1
DA:41,1
DA:42,1
DA:43,1
DA:46,1
LF:7
LH:7
BRF:0
BRH:0
end_of_record
TN:
SF:/home/federico/Documents/CircleOfAngels/circle-of-angels-backend/src/rest/server.js
FN:10,(anonymous_0)
FNF:1
FNH:0
FNDA:0,(anonymous_0)
DA:1,1
DA:2,1
DA:10,1
DA:11,0
DA:13,0
DA:14,0
DA:18,0
DA:19,0
DA:21,0
DA:24,0
DA:27,0
DA:28,0
DA:29,0
DA:31,0
DA:33,0
DA:35,0
DA:36,0
LF:17
LH:3
BRF:0
BRH:0
end_of_record
TN:
SF:/home/federico/Documents/CircleOfAngels/circle-of-angels-backend/src/rest/dao/configsDao.js
FN:3,(anonymous_0)
FN:6,(anonymous_1)
FNF:2
FNH:1
FNDA:1,(anonymous_0)
FNDA:0,(anonymous_1)
DA:1,1
DA:3,1
DA:4,1
DA:7,0
DA:12,1
LF:5
LH:4
BRF:0
BRH:0
end_of_record
TN:
SF:/home/federico/Documents/CircleOfAngels/circle-of-angels-backend/src/rest/routes/generalRoutes.js
FN:4,(anonymous_0)
FN:17,(anonymous_1)
FNF:2
FNH:2
FNDA:1,(anonymous_0)
FNDA:1,(anonymous_1)
DA:1,1
DA:4,1
DA:5,1
DA:18,1
DA:19,0
DA:20,0
DA:21,0
DA:22,0
DA:27,0
DA:34,1
LF:10
LH:5
BRDA:21,0,0,0
BRDA:21,0,1,0
BRF:2
BRH:0
end_of_record
TN:
SF:/home/federico/Documents/CircleOfAngels/circle-of-angels-backend/src/rest/services/validations/csvImporterValidations.js
FN:3,(anonymous_0)
FN:14,(anonymous_1)
FNF:2
FNH:1
FNDA:1,(anonymous_0)
FNDA:0,(anonymous_1)
DA:1,1
DA:3,1
DA:5,1
DA:6,1
DA:7,1
DA:8,1
DA:9,1
DA:11,1
DA:14,1
LF:9
LH:9
BRF:0
BRH:0
end_of_record
TN:
SF:/home/federico/Documents/CircleOfAngels/circle-of-angels-backend/src/rest/services/validations/validationsUtilities.js
FN:1,(anonymous_0)
FNF:1
FNH:1
FNDA:5,(anonymous_0)
DA:1,1
DA:3,5
DA:4,2
DA:5,2
DA:6,2
LF:5
LH:5
BRDA:3,0,0,2
BRDA:3,0,1,3
BRDA:5,1,0,1
BRDA:5,1,1,1
BRF:4
BRH:4
end_of_record
